<?xml version="1.0" encoding="UTF-8"?>
<!-- Generated by org.testng.reporters.JUnitReportReporter -->
<testsuite hostname="ABC-PC" failures="0" tests="1" name="apiTesting.GET_RequestBasicProgram" time="3.060" errors="0" timestamp="2025-01-11T12:54:35 IST" skipped="0">
  <testcase classname="apiTesting.GET_RequestBasicProgram" name="getRequest" time="3.060"/>
  <system-out/>
</testsuite> <!-- apiTesting.GET_RequestBasicProgram -->
