<?xml version="1.0" encoding="UTF-8"?>
<!-- Generated by org.testng.reporters.JUnitReportReporter -->
<testsuite hostname="ABC-PC" failures="0" tests="5" name="testNGPractice.DataProvider_TestNG" time="0.046" errors="0" timestamp="2024-10-23T17:48:16 IST" skipped="0">
  <testcase classname="testNGPractice.DataProvider_TestNG" name="test2" time="0.002"/>
  <system-out/>
  <testcase classname="testNGPractice.DataProvider_TestNG" name="test1" time="0.003"/>
  <system-out/>
  <testcase classname="testNGPractice.DataProvider_TestNG" name="test2" time="0.028"/>
  <system-out/>
  <testcase classname="testNGPractice.DataProvider_TestNG" name="test1" time="0.003"/>
  <system-out/>
  <testcase classname="testNGPractice.DataProvider_TestNG" name="test1" time="0.010"/>
  <system-out/>
</testsuite> <!-- testNGPractice.DataProvider_TestNG -->
